# JRE version: OpenJDK Runtime Environment (17.0.6) (build 17.0.6+0-b2043.56-10027231)
# Java VM: OpenJDK 64-Bit Server VM (17.0.6+0-b2043.56-10027231, mixed mode, tiered, compressed oops, compressed class ptrs, g1 gc, windows-amd64)
GC Precious Log:
 CPUs: 8 total, 8 available
 Memory: 7103M
 Large Page Support: Disabled
 NUMA Support: Disabled
 Compressed Oops: Enabled (32-bit)
 Heap Region Size: 1M
 Heap Min Capacity: 8M
 Heap Initial Capacity: 112M
 Heap Max Capacity: 2G
 Pre-touch: Disabled
 Parallel Workers: 8
 Concurrent Workers: 2
 Concurrent Refinement Workers: 8
 Periodic GC: Disabled
Heap:
 garbage-first heap   total 329728K, used 212351K [0x0000000080000000, 0x0000000100000000)
  region size 1024K, 8 young (8192K), 8 survivors (8192K)
 Metaspace       used 131623K, committed 132480K, reserved 1163264K
  class space    used 17696K, committed 18112K, reserved 1048576K
GC Heap History (20 events):
Event: 26.983 GC heap after
{Heap after GC invocations=65 (full 0):
 garbage-first heap   total 275456K, used 156494K [0x0000000080000000, 0x0000000100000000)
  region size 1024K, 2 young (2048K), 2 survivors (2048K)
 Metaspace       used 129803K, committed 130688K, reserved 1163264K
  class space    used 17497K, committed 17920K, reserved 1048576K
}
Event: 27.544 GC heap before
{Heap before GC invocations=65 (full 0):
 garbage-first heap   total 275456K, used 242510K [0x0000000080000000, 0x0000000100000000)
  region size 1024K, 86 young (88064K), 2 survivors (2048K)
 Metaspace       used 129877K, committed 130752K, reserved 1163264K
  class space    used 17497K, committed 17920K, reserved 1048576K
}
Event: 27.548 GC heap after
{Heap after GC invocations=66 (full 0):
 garbage-first heap   total 275456K, used 156753K [0x0000000080000000, 0x0000000100000000)
  region size 1024K, 3 young (3072K), 3 survivors (3072K)
 Metaspace       used 129877K, committed 130752K, reserved 1163264K
  class space    used 17497K, committed 17920K, reserved 1048576K
}
Event: 28.020 GC heap before
{Heap before GC invocations=66 (full 0):
 garbage-first heap   total 275456K, used 242769K [0x0000000080000000, 0x0000000100000000)
  region size 1024K, 87 young (89088K), 3 survivors (3072K)
 Metaspace       used 129949K, committed 130816K, reserved 1163264K
  class space    used 17500K, committed 17920K, reserved 1048576K
}
Event: 28.025 GC heap after
{Heap after GC invocations=67 (full 0):
 garbage-first heap   total 275456K, used 157428K [0x0000000080000000, 0x0000000100000000)
  region size 1024K, 3 young (3072K), 3 survivors (3072K)
 Metaspace       used 129949K, committed 130816K, reserved 1163264K
  class space    used 17500K, committed 17920K, reserved 1048576K
}
Event: 28.515 GC heap before
{Heap before GC invocations=67 (full 0):
 garbage-first heap   total 275456K, used 243444K [0x0000000080000000, 0x0000000100000000)
  region size 1024K, 87 young (89088K), 3 survivors (3072K)
 Metaspace       used 129978K, committed 130880K, reserved 1163264K
  class space    used 17500K, committed 17920K, reserved 1048576K
}
Event: 28.520 GC heap after
{Heap after GC invocations=68 (full 0):
 garbage-first heap   total 275456K, used 157206K [0x0000000080000000, 0x0000000100000000)
  region size 1024K, 3 young (3072K), 3 survivors (3072K)
 Metaspace       used 129978K, committed 130880K, reserved 1163264K
  class space    used 17500K, committed 17920K, reserved 1048576K
}
Event: 28.932 GC heap before
{Heap before GC invocations=68 (full 0):
 garbage-first heap   total 275456K, used 189974K [0x0000000080000000, 0x0000000100000000)
  region size 1024K, 30 young (30720K), 3 survivors (3072K)
 Metaspace       used 130694K, committed 131520K, reserved 1163264K
  class space    used 17576K, committed 17984K, reserved 1048576K
}
Event: 28.938 GC heap after
{Heap after GC invocations=69 (full 0):
 garbage-first heap   total 275456K, used 164695K [0x0000000080000000, 0x0000000100000000)
  region size 1024K, 4 young (4096K), 4 survivors (4096K)
 Metaspace       used 130694K, committed 131520K, reserved 1163264K
  class space    used 17576K, committed 17984K, reserved 1048576K
}
Event: 29.032 GC heap before
{Heap before GC invocations=69 (full 0):
 garbage-first heap   total 275456K, used 175959K [0x0000000080000000, 0x0000000100000000)
  region size 1024K, 9 young (9216K), 4 survivors (4096K)
 Metaspace       used 131130K, committed 131968K, reserved 1163264K
  class space    used 17641K, committed 18048K, reserved 1048576K
}
Event: 29.038 GC heap after
{Heap after GC invocations=70 (full 0):
 garbage-first heap   total 275456K, used 175821K [0x0000000080000000, 0x0000000100000000)
  region size 1024K, 7 young (7168K), 7 survivors (7168K)
 Metaspace       used 131130K, committed 131968K, reserved 1163264K
  class space    used 17641K, committed 18048K, reserved 1048576K
}
Event: 29.064 GC heap before
{Heap before GC invocations=70 (full 0):
 garbage-first heap   total 275456K, used 202445K [0x0000000080000000, 0x0000000100000000)
  region size 1024K, 16 young (16384K), 7 survivors (7168K)
 Metaspace       used 131211K, committed 132096K, reserved 1163264K
  class space    used 17648K, committed 18048K, reserved 1048576K
}
Event: 29.070 GC heap after
{Heap after GC invocations=71 (full 0):
 garbage-first heap   total 275456K, used 186301K [0x0000000080000000, 0x0000000100000000)
  region size 1024K, 6 young (6144K), 6 survivors (6144K)
 Metaspace       used 131211K, committed 132096K, reserved 1163264K
  class space    used 17648K, committed 18048K, reserved 1048576K
}
Event: 29.277 GC heap before
{Heap before GC invocations=71 (full 0):
 garbage-first heap   total 275456K, used 228285K [0x0000000080000000, 0x0000000100000000)
  region size 1024K, 43 young (44032K), 6 survivors (6144K)
 Metaspace       used 131293K, committed 132160K, reserved 1163264K
  class space    used 17653K, committed 18048K, reserved 1048576K
}
Event: 29.293 GC heap after
{Heap after GC invocations=72 (full 0):
 garbage-first heap   total 275456K, used 199270K [0x0000000080000000, 0x0000000100000000)
  region size 1024K, 6 young (6144K), 6 survivors (6144K)
 Metaspace       used 131293K, committed 132160K, reserved 1163264K
  class space    used 17653K, committed 18048K, reserved 1048576K
}
Event: 29.555 GC heap before
{Heap before GC invocations=73 (full 0):
 garbage-first heap   total 329728K, used 207462K [0x0000000080000000, 0x0000000100000000)
  region size 1024K, 34 young (34816K), 6 survivors (6144K)
 Metaspace       used 131526K, committed 132352K, reserved 1163264K
  class space    used 17695K, committed 18112K, reserved 1048576K
}
Event: 29.575 GC heap after
{Heap after GC invocations=74 (full 0):
 garbage-first heap   total 329728K, used 191425K [0x0000000080000000, 0x0000000100000000)
  region size 1024K, 5 young (5120K), 5 survivors (5120K)
 Metaspace       used 131526K, committed 132352K, reserved 1163264K
  class space    used 17695K, committed 18112K, reserved 1048576K
}
Event: 29.628 GC heap before
{Heap before GC invocations=74 (full 0):
 garbage-first heap   total 329728K, used 202689K [0x0000000080000000, 0x0000000100000000)
  region size 1024K, 16 young (16384K), 5 survivors (5120K)
 Metaspace       used 131535K, committed 132352K, reserved 1163264K
  class space    used 17695K, committed 18112K, reserved 1048576K
}
Event: 29.653 GC heap after
{Heap after GC invocations=75 (full 0):
 garbage-first heap   total 329728K, used 181427K [0x0000000080000000, 0x0000000100000000)
  region size 1024K, 2 young (2048K), 2 survivors (2048K)
 Metaspace       used 131535K, committed 132352K, reserved 1163264K
  class space    used 17695K, committed 18112K, reserved 1048576K
}
Event: 30.233 GC heap before
{Heap before GC invocations=75 (full 0):
 garbage-first heap   total 329728K, used 241843K [0x0000000080000000, 0x0000000100000000)
  region size 1024K, 61 young (62464K), 2 survivors (2048K)
 Metaspace       used 131623K, committed 132480K, reserved 1163264K
  class space    used 17696K, committed 18112K, reserved 1048576K
}

